[0m23:22:00.250176 [debug] [MainThread]: Sending event: {'category': 'dbt', 'action': 'invocation', 'label': 'start', 'context': [<snowplow_tracker.self_describing_json.SelfDescribingJson object at 0x000001E1DAFA4B60>, <snowplow_tracker.self_describing_json.SelfDescribingJson object at 0x000001E1D9FC0DA0>, <snowplow_tracker.self_describing_json.SelfDescribingJson object at 0x000001E1DACF8260>]}


============================== 23:22:00.250176 | fe1152a6-c233-4ffd-b831-e541d1d2df09 ==============================
[0m23:22:00.250176 [info ] [MainThread]: Running with dbt=1.9.3
[0m23:22:00.250176 [debug] [MainThread]: running dbt with arguments {'printer_width': '80', 'indirect_selection': 'eager', 'write_json': 'True', 'log_cache_events': 'False', 'partial_parse': 'True', 'cache_selected_only': 'False', 'profiles_dir': 'C:\\Users\\WINDOWS 10PRO\\.dbt', 'fail_fast': 'False', 'debug': 'False', 'log_path': 'logs', 'warn_error': 'None', 'version_check': 'True', 'use_colors': 'True', 'use_experimental_parser': 'False', 'empty': 'None', 'quiet': 'False', 'no_print': 'None', 'log_format': 'default', 'invocation_command': 'dbt init', 'static_parser': 'True', 'introspect': 'True', 'target_path': 'None', 'warn_error_options': 'WarnErrorOptions(include=[], exclude=[])', 'send_anonymous_usage_stats': 'True'}
[0m23:22:00.297048 [warn ] [MainThread]: [ConfigFolderDirectory]: Unable to parse logging event dictionary. Failed to parse dir field: expected string or bytes-like object, got 'WindowsPath'.. Dictionary: {'dir': WindowsPath('C:/Users/WINDOWS 10PRO/.dbt')}
[0m23:22:00.297048 [info ] [MainThread]: Creating dbt configuration folder at 
[0m23:22:18.603717 [debug] [MainThread]: Starter project path: C:\Users\WINDOWS 10PRO\AppData\Local\Programs\Python\Python312\Lib\site-packages\dbt\include\starter_project
[0m23:22:18.634978 [info ] [MainThread]: 
Your new dbt project "deploy_dbt_bigquery" was created!

For more information on how to configure the profiles.yml file,
please consult the dbt documentation here:

  https://docs.getdbt.com/docs/configure-your-profile

One more thing:

Need help? Don't hesitate to reach out to us via GitHub issues or on Slack:

  https://community.getdbt.com/

Happy modeling!

[0m23:22:18.634978 [info ] [MainThread]: Setting up your profile.
[0m23:28:15.538952 [info ] [MainThread]: Profile deploy_dbt_bigquery written to C:\Users\WINDOWS 10PRO\.dbt\profiles.yml using target's profile_template.yml and your supplied values. Run 'dbt debug' to validate the connection.
[0m23:28:15.538952 [debug] [MainThread]: Command `dbt init` succeeded at 23:28:15.538952 after 375.51 seconds
[0m23:28:15.538952 [debug] [MainThread]: Sending event: {'category': 'dbt', 'action': 'invocation', 'label': 'end', 'context': [<snowplow_tracker.self_describing_json.SelfDescribingJson object at 0x000001E1DA87CF20>, <snowplow_tracker.self_describing_json.SelfDescribingJson object at 0x000001E1ED2CB3B0>, <snowplow_tracker.self_describing_json.SelfDescribingJson object at 0x000001E1ED035940>]}
[0m23:28:15.538952 [debug] [MainThread]: Flushing usage events
[0m23:28:16.570588 [debug] [MainThread]: An error was encountered while trying to flush usage events
